<?xml version="1.0" encoding="UTF-8"?>
<!-- Generated by org.testng.reporters.JUnitXMLReporter -->
<testsuite ignored="3" hostname="LAPTOP-F9GTT2QO" failures="0" tests="3" name="Test" time="46.753" errors="0" timestamp="2024-08-02T18:42:48 IST">
  <testcase classname="com.orangeHrm.testCases.loginValidationTest" name="withoutEnteringUsernamePassword" time="1.228"/>
  <testcase classname="com.orangeHrm.testCases.loginValidationTest" name="withoutEnteringUsernamePassword" time="0.87"/>
  <testcase classname="com.orangeHrm.testCases.loginValidationTest" name="ValidUsernameAndValidPassword" time="4.025"/>
  <testcase classname="com.orangeHrm.testCases.loginValidationTest" name="validUsernameAndInvalidPassword" time="0.0">
    <ignored/>
  </testcase> <!-- validUsernameAndInvalidPassword -->
  <testcase classname="com.orangeHrm.testCases.loginValidationTest" name="InValidUsernameAndvalidPassword" time="0.0">
    <ignored/>
  </testcase> <!-- InValidUsernameAndvalidPassword -->
  <testcase classname="com.orangeHrm.testCases.loginValidationTest" name="InValidUsernameAndInValidPassword" time="0.0">
    <ignored/>
  </testcase> <!-- InValidUsernameAndInValidPassword -->
</testsuite> <!-- Test -->
